<?xml version="1.0" encoding="UTF-8"?>
<!-- Generated by org.testng.reporters.JUnitReportReporter -->
<testsuite hostname="DESKTOP-6GF2FIV" failures="0" tests="1" name="com.crm.VtigerTestCases.VtigerLog" time="7.531" errors="0" timestamp="2024-12-03T11:11:40 IST" skipped="0">
  <testcase classname="com.crm.VtigerTestCases.VtigerLog" name="log" time="7.531"/>
</testsuite> <!-- com.crm.VtigerTestCases.VtigerLog -->
